<?xml version="1.0" encoding="UTF-8"?>
<!-- Generated by org.testng.reporters.JUnitReportReporter -->
<testsuite hostname="DESKTOP-NDF10B7" failures="0" tests="1" name="testscript.LoginTestClass" time="13.021" errors="0" timestamp="2025-07-31T23:52:57 IST" skipped="0">
  <testcase classname="testscript.LoginTestClass" name="verifyUserLoginWithValidCredentials" time="13.021"/>
</testsuite> <!-- testscript.LoginTestClass -->
